0 info it worked if it ends with ok
1 verbose cli [ '/usr/local/Cellar/node/6.3.0/bin/node',
1 verbose cli   '/usr/local/bin/npm',
1 verbose cli   'run',
1 verbose cli   'bot' ]
2 info using npm@3.10.3
3 info using node@v6.3.0
4 verbose run-script [ 'prebot', 'bot', 'postbot' ]
5 info lifecycle scrim-bot@0.0.0~prebot: scrim-bot@0.0.0
6 silly lifecycle scrim-bot@0.0.0~prebot: no script for prebot, continuing
7 info lifecycle scrim-bot@0.0.0~bot: scrim-bot@0.0.0
8 verbose lifecycle scrim-bot@0.0.0~bot: unsafe-perm in lifecycle true
9 verbose lifecycle scrim-bot@0.0.0~bot: PATH: /usr/local/lib/node_modules/npm/bin/node-gyp-bin:/Volumes/Samsung USB/Coding/bots/ScrimBot/node_modules/.bin:/usr/local/Cellar/node/6.3.0/bin:/Users/rajatkhanna/Library/Python/2.7/bin:/usr/local/bin:/usr/bin:/bin:/usr/sbin:/sbin:/Users/rajatkhanna/Library/Python/2.7/bin:/Users/rajatkhanna/Installations/gradle-3.0/bin:/Users/rajatkhanna/Installations/jars:/Users/rajatkhanna/Library/Android/sdk/build-tools:/Users/rajatkhanna/Library/Android/sdk/platform-tools:/Users/rajatkhanna/Library/Android/sdk/tools:/Users/rajatkhanna/Installations/gradle-3.0/bin:/Users/rajatkhanna/Installations/jars:/Users/rajatkhanna/Library/Android/sdk/build-tools:/Users/rajatkhanna/Library/Android/sdk/platform-tools:/Users/rajatkhanna/Library/Android/sdk/tools
10 verbose lifecycle scrim-bot@0.0.0~bot: CWD: /Volumes/Samsung USB/Coding/bots/ScrimBot
11 silly lifecycle scrim-bot@0.0.0~bot: Args: [ '-c', 'node ./lib/index.js' ]
12 silly lifecycle scrim-bot@0.0.0~bot: Returned: code: 1  signal: null
13 info lifecycle scrim-bot@0.0.0~bot: Failed to exec bot script
14 verbose stack Error: scrim-bot@0.0.0 bot: `node ./lib/index.js`
14 verbose stack Exit status 1
14 verbose stack     at EventEmitter.<anonymous> (/usr/local/lib/node_modules/npm/lib/utils/lifecycle.js:242:16)
14 verbose stack     at emitTwo (events.js:106:13)
14 verbose stack     at EventEmitter.emit (events.js:191:7)
14 verbose stack     at ChildProcess.<anonymous> (/usr/local/lib/node_modules/npm/lib/utils/spawn.js:40:14)
14 verbose stack     at emitTwo (events.js:106:13)
14 verbose stack     at ChildProcess.emit (events.js:191:7)
14 verbose stack     at maybeClose (internal/child_process.js:852:16)
14 verbose stack     at Process.ChildProcess._handle.onexit (internal/child_process.js:215:5)
15 verbose pkgid scrim-bot@0.0.0
16 verbose cwd /Volumes/Samsung USB/Coding/bots/ScrimBot
17 error Darwin 16.3.0
18 error argv "/usr/local/Cellar/node/6.3.0/bin/node" "/usr/local/bin/npm" "run" "bot"
19 error node v6.3.0
20 error npm  v3.10.3
21 error code ELIFECYCLE
22 error scrim-bot@0.0.0 bot: `node ./lib/index.js`
22 error Exit status 1
23 error Failed at the scrim-bot@0.0.0 bot script 'node ./lib/index.js'.
23 error Make sure you have the latest version of node.js and npm installed.
23 error If you do, this is most likely a problem with the scrim-bot package,
23 error not with npm itself.
23 error Tell the author that this fails on your system:
23 error     node ./lib/index.js
23 error You can get information on how to open an issue for this project with:
23 error     npm bugs scrim-bot
23 error Or if that isn't available, you can get their info via:
23 error     npm owner ls scrim-bot
23 error There is likely additional logging output above.
24 verbose exit [ 1, true ]
